[2021-11-29 22:09:59.989] -- [DEBUG] -- [main >>>> LogFactory.java:135 >>>> Method = setImplementation] -- [Content = Logging initialized using 'class org.apache.ibatis.logging.slf4j.Slf4jImpl' adapter.]
[2021-11-29 22:25:13.212] -- [DEBUG] -- [localhost-startStop-1 >>>> LogFactory.java:135 >>>> Method = setImplementation] -- [Content = Logging initialized using 'class org.apache.ibatis.logging.slf4j.Slf4jImpl' adapter.]
[2021-11-29 22:25:13.841] -- [DEBUG] -- [localhost-startStop-1 >>>> SqlSessionFactoryBean.java:458 >>>> Method = buildSqlSessionFactory] -- [Content = Parsed configuration file: 'class path resource [mybatis/mybatis-config.xml]']
[2021-11-29 22:25:13.963] -- [DEBUG] -- [localhost-startStop-1 >>>> SqlSessionFactoryBean.java:490 >>>> Method = buildSqlSessionFactory] -- [Content = Parsed mapper file: 'file [/Users/xh/workspaces/learning/Basic-Single-Module-SSM/target/classes/module/user/mapper/SysUserMapper.xml]']
[2021-11-29 22:25:57.733] -- [DEBUG] -- [localhost-startStop-1 >>>> LogFactory.java:135 >>>> Method = setImplementation] -- [Content = Logging initialized using 'class org.apache.ibatis.logging.slf4j.Slf4jImpl' adapter.]
[2021-11-29 22:25:58.196] -- [DEBUG] -- [localhost-startStop-1 >>>> SqlSessionFactoryBean.java:458 >>>> Method = buildSqlSessionFactory] -- [Content = Parsed configuration file: 'class path resource [mybatis/mybatis-config.xml]']
[2021-11-29 22:25:58.260] -- [DEBUG] -- [localhost-startStop-1 >>>> SqlSessionFactoryBean.java:490 >>>> Method = buildSqlSessionFactory] -- [Content = Parsed mapper file: 'file [/Users/xh/workspaces/learning/Basic-Single-Module-SSM/target/classes/module/user/mapper/SysUserMapper.xml]']
[2021-11-29 22:26:07.977] -- [DEBUG] -- [http-bio-8080-exec-3 >>>> SqlSessionUtils.java:99 >>>> Method = getSqlSession] -- [Content = Creating a new SqlSession]
[2021-11-29 22:26:07.983] -- [DEBUG] -- [http-bio-8080-exec-3 >>>> SqlSessionUtils.java:130 >>>> Method = registerSessionHolder] -- [Content = Registering transaction synchronization for SqlSession [org.apache.ibatis.session.defaults.DefaultSqlSession@5ab59614]]
[2021-11-29 22:26:07.999] -- [DEBUG] -- [http-bio-8080-exec-3 >>>> SpringManagedTransaction.java:87 >>>> Method = openConnection] -- [Content = JDBC Connection [com.alibaba.druid.proxy.jdbc.ConnectionProxyImpl@7fcec130] will be managed by Spring]
[2021-11-29 22:26:08.003] -- [DEBUG] -- [http-bio-8080-exec-3 >>>> BaseJdbcLogger.java:145 >>>> Method = debug] -- [Content = ==>  Preparing: select `sys_user_id`, `sys_user_login_name`, `sys_user_login_password`, `sys_user_status`, `sys_user_is_delete`, `sys_user_register_datetime`, `sys_user_register_source`, `sys_user_type`, `sys_user_sex`, `sys_user_is_email_active`, `sys_user_is_mobile_active`, `sys_user_register_type`, `sys_user_pay_passwrod`, `sys_user_icon`, `sys_user_real_name`, `sys_user_email`, `sys_user_mobile`, `sys_user_weibo_id`, `sys_user_qq_id` from sys_user where `sys_user_id` = ? ]
[2021-11-29 22:26:08.036] -- [DEBUG] -- [http-bio-8080-exec-3 >>>> BaseJdbcLogger.java:145 >>>> Method = debug] -- [Content = ==> Parameters: 1(Long)]
[2021-11-29 22:26:08.060] -- [TRACE] -- [http-bio-8080-exec-3 >>>> BaseJdbcLogger.java:151 >>>> Method = trace] -- [Content = <==    Columns: sys_user_id, sys_user_login_name, sys_user_login_password, sys_user_status, sys_user_is_delete, sys_user_register_datetime, sys_user_register_source, sys_user_type, sys_user_sex, sys_user_is_email_active, sys_user_is_mobile_active, sys_user_register_type, sys_user_pay_passwrod, sys_user_icon, sys_user_real_name, sys_user_email, sys_user_mobile, sys_user_weibo_id, sys_user_qq_id]
[2021-11-29 22:26:08.061] -- [TRACE] -- [http-bio-8080-exec-3 >>>> BaseJdbcLogger.java:151 >>>> Method = trace] -- [Content = <==        Row: 1, YouMeek1, e10adc3949ba59abbe56e057f20f883e, 0, N, 2016-02-24 00:12:23.0, 0, 0, 0, Y, Y, 0, e10adc3949ba59abbe56e057f20f883e, , 张觉恩1, 363379441@qq.com, 13800000001, , ]
[2021-11-29 22:26:08.065] -- [DEBUG] -- [http-bio-8080-exec-3 >>>> BaseJdbcLogger.java:145 >>>> Method = debug] -- [Content = <==      Total: 1]
[2021-11-29 22:26:08.067] -- [DEBUG] -- [http-bio-8080-exec-3 >>>> SqlSessionUtils.java:188 >>>> Method = closeSqlSession] -- [Content = Releasing transactional SqlSession [org.apache.ibatis.session.defaults.DefaultSqlSession@5ab59614]]
[2021-11-29 22:26:08.067] -- [DEBUG] -- [http-bio-8080-exec-3 >>>> SqlSessionUtils.java:312 >>>> Method = beforeCompletion] -- [Content = Transaction synchronization deregistering SqlSession [org.apache.ibatis.session.defaults.DefaultSqlSession@5ab59614]]
[2021-11-29 22:26:08.068] -- [DEBUG] -- [http-bio-8080-exec-3 >>>> SqlSessionUtils.java:317 >>>> Method = beforeCompletion] -- [Content = Transaction synchronization closing SqlSession [org.apache.ibatis.session.defaults.DefaultSqlSession@5ab59614]]
[2021-11-29 22:26:12.611] -- [DEBUG] -- [http-bio-8080-exec-5 >>>> SqlSessionUtils.java:99 >>>> Method = getSqlSession] -- [Content = Creating a new SqlSession]
[2021-11-29 22:26:12.612] -- [DEBUG] -- [http-bio-8080-exec-5 >>>> SqlSessionUtils.java:130 >>>> Method = registerSessionHolder] -- [Content = Registering transaction synchronization for SqlSession [org.apache.ibatis.session.defaults.DefaultSqlSession@a12e41f]]
[2021-11-29 22:26:12.612] -- [DEBUG] -- [http-bio-8080-exec-5 >>>> SpringManagedTransaction.java:87 >>>> Method = openConnection] -- [Content = JDBC Connection [com.alibaba.druid.proxy.jdbc.ConnectionProxyImpl@7fcec130] will be managed by Spring]
[2021-11-29 22:26:12.613] -- [DEBUG] -- [http-bio-8080-exec-5 >>>> BaseJdbcLogger.java:145 >>>> Method = debug] -- [Content = ==>  Preparing: select `sys_user_id`, `sys_user_login_name`, `sys_user_login_password`, `sys_user_status`, `sys_user_is_delete`, `sys_user_register_datetime`, `sys_user_register_source`, `sys_user_type`, `sys_user_sex`, `sys_user_is_email_active`, `sys_user_is_mobile_active`, `sys_user_register_type`, `sys_user_pay_passwrod`, `sys_user_icon`, `sys_user_real_name`, `sys_user_email`, `sys_user_mobile`, `sys_user_weibo_id`, `sys_user_qq_id` from sys_user where `sys_user_id` = ? ]
[2021-11-29 22:26:12.613] -- [DEBUG] -- [http-bio-8080-exec-5 >>>> BaseJdbcLogger.java:145 >>>> Method = debug] -- [Content = ==> Parameters: 1(Long)]
[2021-11-29 22:26:12.616] -- [TRACE] -- [http-bio-8080-exec-5 >>>> BaseJdbcLogger.java:151 >>>> Method = trace] -- [Content = <==    Columns: sys_user_id, sys_user_login_name, sys_user_login_password, sys_user_status, sys_user_is_delete, sys_user_register_datetime, sys_user_register_source, sys_user_type, sys_user_sex, sys_user_is_email_active, sys_user_is_mobile_active, sys_user_register_type, sys_user_pay_passwrod, sys_user_icon, sys_user_real_name, sys_user_email, sys_user_mobile, sys_user_weibo_id, sys_user_qq_id]
[2021-11-29 22:26:12.617] -- [TRACE] -- [http-bio-8080-exec-5 >>>> BaseJdbcLogger.java:151 >>>> Method = trace] -- [Content = <==        Row: 1, YouMeek1, e10adc3949ba59abbe56e057f20f883e, 0, N, 2016-02-24 00:12:23.0, 0, 0, 0, Y, Y, 0, e10adc3949ba59abbe56e057f20f883e, , 张觉恩1, 363379441@qq.com, 13800000001, , ]
[2021-11-29 22:26:12.618] -- [DEBUG] -- [http-bio-8080-exec-5 >>>> BaseJdbcLogger.java:145 >>>> Method = debug] -- [Content = <==      Total: 1]
[2021-11-29 22:26:12.620] -- [DEBUG] -- [http-bio-8080-exec-5 >>>> SqlSessionUtils.java:188 >>>> Method = closeSqlSession] -- [Content = Releasing transactional SqlSession [org.apache.ibatis.session.defaults.DefaultSqlSession@a12e41f]]
[2021-11-29 22:26:12.620] -- [DEBUG] -- [http-bio-8080-exec-5 >>>> SqlSessionUtils.java:312 >>>> Method = beforeCompletion] -- [Content = Transaction synchronization deregistering SqlSession [org.apache.ibatis.session.defaults.DefaultSqlSession@a12e41f]]
[2021-11-29 22:26:12.620] -- [DEBUG] -- [http-bio-8080-exec-5 >>>> SqlSessionUtils.java:317 >>>> Method = beforeCompletion] -- [Content = Transaction synchronization closing SqlSession [org.apache.ibatis.session.defaults.DefaultSqlSession@a12e41f]]
[2021-11-29 22:28:15.704] -- [DEBUG] -- [main >>>> LogFactory.java:135 >>>> Method = setImplementation] -- [Content = Logging initialized using 'class org.apache.ibatis.logging.slf4j.Slf4jImpl' adapter.]
[2021-11-29 22:28:16.357] -- [DEBUG] -- [main >>>> SqlSessionFactoryBean.java:458 >>>> Method = buildSqlSessionFactory] -- [Content = Parsed configuration file: 'class path resource [mybatis/mybatis-config.xml]']
[2021-11-29 22:28:16.430] -- [DEBUG] -- [main >>>> SqlSessionFactoryBean.java:490 >>>> Method = buildSqlSessionFactory] -- [Content = Parsed mapper file: 'file [/Users/xh/workspaces/learning/Basic-Single-Module-SSM/target/classes/module/user/mapper/SysUserMapper.xml]']
[2021-11-29 22:28:16.571] -- [DEBUG] -- [main >>>> SqlSessionUtils.java:99 >>>> Method = getSqlSession] -- [Content = Creating a new SqlSession]
[2021-11-29 22:28:16.579] -- [DEBUG] -- [main >>>> SqlSessionUtils.java:130 >>>> Method = registerSessionHolder] -- [Content = Registering transaction synchronization for SqlSession [org.apache.ibatis.session.defaults.DefaultSqlSession@5c8504fd]]
[2021-11-29 22:28:16.594] -- [DEBUG] -- [main >>>> SpringManagedTransaction.java:87 >>>> Method = openConnection] -- [Content = JDBC Connection [com.alibaba.druid.proxy.jdbc.ConnectionProxyImpl@45905bff] will be managed by Spring]
[2021-11-29 22:28:16.597] -- [DEBUG] -- [main >>>> BaseJdbcLogger.java:145 >>>> Method = debug] -- [Content = ==>  Preparing: select `sys_user_id`, `sys_user_login_name`, `sys_user_login_password`, `sys_user_status`, `sys_user_is_delete`, `sys_user_register_datetime`, `sys_user_register_source`, `sys_user_type`, `sys_user_sex`, `sys_user_is_email_active`, `sys_user_is_mobile_active`, `sys_user_register_type`, `sys_user_pay_passwrod`, `sys_user_icon`, `sys_user_real_name`, `sys_user_email`, `sys_user_mobile`, `sys_user_weibo_id`, `sys_user_qq_id` from sys_user where `sys_user_id` = ? ]
[2021-11-29 22:28:16.626] -- [DEBUG] -- [main >>>> BaseJdbcLogger.java:145 >>>> Method = debug] -- [Content = ==> Parameters: 1(Long)]
[2021-11-29 22:28:16.641] -- [TRACE] -- [main >>>> BaseJdbcLogger.java:151 >>>> Method = trace] -- [Content = <==    Columns: sys_user_id, sys_user_login_name, sys_user_login_password, sys_user_status, sys_user_is_delete, sys_user_register_datetime, sys_user_register_source, sys_user_type, sys_user_sex, sys_user_is_email_active, sys_user_is_mobile_active, sys_user_register_type, sys_user_pay_passwrod, sys_user_icon, sys_user_real_name, sys_user_email, sys_user_mobile, sys_user_weibo_id, sys_user_qq_id]
[2021-11-29 22:28:16.644] -- [TRACE] -- [main >>>> BaseJdbcLogger.java:151 >>>> Method = trace] -- [Content = <==        Row: 1, YouMeek1, e10adc3949ba59abbe56e057f20f883e, 0, N, 2016-02-24 00:12:23.0, 0, 0, 0, Y, Y, 0, e10adc3949ba59abbe56e057f20f883e, , 张觉恩1, 363379441@qq.com, 13800000001, , ]
[2021-11-29 22:28:16.648] -- [DEBUG] -- [main >>>> BaseJdbcLogger.java:145 >>>> Method = debug] -- [Content = <==      Total: 1]
[2021-11-29 22:28:16.649] -- [DEBUG] -- [main >>>> SqlSessionUtils.java:188 >>>> Method = closeSqlSession] -- [Content = Releasing transactional SqlSession [org.apache.ibatis.session.defaults.DefaultSqlSession@5c8504fd]]
[2021-11-29 22:28:16.649] -- [DEBUG] -- [main >>>> SqlSessionUtils.java:312 >>>> Method = beforeCompletion] -- [Content = Transaction synchronization deregistering SqlSession [org.apache.ibatis.session.defaults.DefaultSqlSession@5c8504fd]]
[2021-11-29 22:28:16.649] -- [DEBUG] -- [main >>>> SqlSessionUtils.java:317 >>>> Method = beforeCompletion] -- [Content = Transaction synchronization closing SqlSession [org.apache.ibatis.session.defaults.DefaultSqlSession@5c8504fd]]
[2021-11-29 22:28:34.256] -- [DEBUG] -- [main >>>> LogFactory.java:135 >>>> Method = setImplementation] -- [Content = Logging initialized using 'class org.apache.ibatis.logging.slf4j.Slf4jImpl' adapter.]
[2021-11-29 22:28:34.939] -- [DEBUG] -- [main >>>> SqlSessionFactoryBean.java:458 >>>> Method = buildSqlSessionFactory] -- [Content = Parsed configuration file: 'class path resource [mybatis/mybatis-config.xml]']
[2021-11-29 22:28:35.080] -- [DEBUG] -- [main >>>> SqlSessionFactoryBean.java:490 >>>> Method = buildSqlSessionFactory] -- [Content = Parsed mapper file: 'file [/Users/xh/workspaces/learning/Basic-Single-Module-SSM/target/classes/module/user/mapper/SysUserMapper.xml]']
[2021-11-29 22:28:35.251] -- [DEBUG] -- [main >>>> SqlSessionUtils.java:99 >>>> Method = getSqlSession] -- [Content = Creating a new SqlSession]
[2021-11-29 22:28:35.256] -- [DEBUG] -- [main >>>> SqlSessionUtils.java:130 >>>> Method = registerSessionHolder] -- [Content = Registering transaction synchronization for SqlSession [org.apache.ibatis.session.defaults.DefaultSqlSession@627d8516]]
[2021-11-29 22:28:35.269] -- [DEBUG] -- [main >>>> SpringManagedTransaction.java:87 >>>> Method = openConnection] -- [Content = JDBC Connection [com.alibaba.druid.proxy.jdbc.ConnectionProxyImpl@64a4dd8d] will be managed by Spring]
[2021-11-29 22:28:35.273] -- [DEBUG] -- [main >>>> BaseJdbcLogger.java:145 >>>> Method = debug] -- [Content = ==>  Preparing: select `sys_user_id`, `sys_user_login_name`, `sys_user_login_password`, `sys_user_status`, `sys_user_is_delete`, `sys_user_register_datetime`, `sys_user_register_source`, `sys_user_type`, `sys_user_sex`, `sys_user_is_email_active`, `sys_user_is_mobile_active`, `sys_user_register_type`, `sys_user_pay_passwrod`, `sys_user_icon`, `sys_user_real_name`, `sys_user_email`, `sys_user_mobile`, `sys_user_weibo_id`, `sys_user_qq_id` from sys_user where `sys_user_id` = ? ]
[2021-11-29 22:28:35.322] -- [DEBUG] -- [main >>>> BaseJdbcLogger.java:145 >>>> Method = debug] -- [Content = ==> Parameters: 1(Long)]
[2021-11-29 22:28:35.350] -- [TRACE] -- [main >>>> BaseJdbcLogger.java:151 >>>> Method = trace] -- [Content = <==    Columns: sys_user_id, sys_user_login_name, sys_user_login_password, sys_user_status, sys_user_is_delete, sys_user_register_datetime, sys_user_register_source, sys_user_type, sys_user_sex, sys_user_is_email_active, sys_user_is_mobile_active, sys_user_register_type, sys_user_pay_passwrod, sys_user_icon, sys_user_real_name, sys_user_email, sys_user_mobile, sys_user_weibo_id, sys_user_qq_id]
[2021-11-29 22:28:35.355] -- [TRACE] -- [main >>>> BaseJdbcLogger.java:151 >>>> Method = trace] -- [Content = <==        Row: 1, YouMeek1, e10adc3949ba59abbe56e057f20f883e, 0, N, 2016-02-24 00:12:23.0, 0, 0, 0, Y, Y, 0, e10adc3949ba59abbe56e057f20f883e, , 张觉恩1, 363379441@qq.com, 13800000001, , ]
[2021-11-29 22:28:35.360] -- [DEBUG] -- [main >>>> BaseJdbcLogger.java:145 >>>> Method = debug] -- [Content = <==      Total: 1]
[2021-11-29 22:28:35.361] -- [DEBUG] -- [main >>>> SqlSessionUtils.java:188 >>>> Method = closeSqlSession] -- [Content = Releasing transactional SqlSession [org.apache.ibatis.session.defaults.DefaultSqlSession@627d8516]]
[2021-11-29 22:28:35.362] -- [DEBUG] -- [main >>>> SqlSessionUtils.java:312 >>>> Method = beforeCompletion] -- [Content = Transaction synchronization deregistering SqlSession [org.apache.ibatis.session.defaults.DefaultSqlSession@627d8516]]
[2021-11-29 22:28:35.363] -- [DEBUG] -- [main >>>> SqlSessionUtils.java:317 >>>> Method = beforeCompletion] -- [Content = Transaction synchronization closing SqlSession [org.apache.ibatis.session.defaults.DefaultSqlSession@627d8516]]
[2021-11-29 22:45:29.297] -- [DEBUG] -- [localhost-startStop-1 >>>> LogFactory.java:135 >>>> Method = setImplementation] -- [Content = Logging initialized using 'class org.apache.ibatis.logging.slf4j.Slf4jImpl' adapter.]
[2021-11-29 22:45:29.848] -- [DEBUG] -- [localhost-startStop-1 >>>> SqlSessionFactoryBean.java:458 >>>> Method = buildSqlSessionFactory] -- [Content = Parsed configuration file: 'class path resource [mybatis/mybatis-config.xml]']
[2021-11-29 22:45:29.969] -- [DEBUG] -- [localhost-startStop-1 >>>> SqlSessionFactoryBean.java:490 >>>> Method = buildSqlSessionFactory] -- [Content = Parsed mapper file: 'file [/Users/xh/workspaces/learning/Basic-Single-Module-SSM/target/classes/module/user/mapper/SysUserMapper.xml]']
[2021-11-29 22:48:25.190] -- [DEBUG] -- [http-bio-8080-exec-3 >>>> SqlSessionUtils.java:99 >>>> Method = getSqlSession] -- [Content = Creating a new SqlSession]
[2021-11-29 22:48:25.196] -- [DEBUG] -- [http-bio-8080-exec-3 >>>> SqlSessionUtils.java:130 >>>> Method = registerSessionHolder] -- [Content = Registering transaction synchronization for SqlSession [org.apache.ibatis.session.defaults.DefaultSqlSession@25228b31]]
[2021-11-29 22:48:25.214] -- [DEBUG] -- [http-bio-8080-exec-3 >>>> SpringManagedTransaction.java:87 >>>> Method = openConnection] -- [Content = JDBC Connection [com.alibaba.druid.proxy.jdbc.ConnectionProxyImpl@7044390d] will be managed by Spring]
[2021-11-29 22:48:25.218] -- [DEBUG] -- [http-bio-8080-exec-3 >>>> BaseJdbcLogger.java:145 >>>> Method = debug] -- [Content = ==>  Preparing: select `sys_user_id`, `sys_user_login_name`, `sys_user_login_password`, `sys_user_status`, `sys_user_is_delete`, `sys_user_register_datetime`, `sys_user_register_source`, `sys_user_type`, `sys_user_sex`, `sys_user_is_email_active`, `sys_user_is_mobile_active`, `sys_user_register_type`, `sys_user_pay_passwrod`, `sys_user_icon`, `sys_user_real_name`, `sys_user_email`, `sys_user_mobile`, `sys_user_weibo_id`, `sys_user_qq_id` from sys_user where `sys_user_id` = ? ]
[2021-11-29 22:48:25.248] -- [DEBUG] -- [http-bio-8080-exec-3 >>>> BaseJdbcLogger.java:145 >>>> Method = debug] -- [Content = ==> Parameters: 1(Long)]
[2021-11-29 22:48:25.273] -- [TRACE] -- [http-bio-8080-exec-3 >>>> BaseJdbcLogger.java:151 >>>> Method = trace] -- [Content = <==    Columns: sys_user_id, sys_user_login_name, sys_user_login_password, sys_user_status, sys_user_is_delete, sys_user_register_datetime, sys_user_register_source, sys_user_type, sys_user_sex, sys_user_is_email_active, sys_user_is_mobile_active, sys_user_register_type, sys_user_pay_passwrod, sys_user_icon, sys_user_real_name, sys_user_email, sys_user_mobile, sys_user_weibo_id, sys_user_qq_id]
[2021-11-29 22:48:25.273] -- [TRACE] -- [http-bio-8080-exec-3 >>>> BaseJdbcLogger.java:151 >>>> Method = trace] -- [Content = <==        Row: 1, YouMeek1, e10adc3949ba59abbe56e057f20f883e, 0, N, 2016-02-24 00:12:23.0, 0, 0, 0, Y, Y, 0, e10adc3949ba59abbe56e057f20f883e, , 张觉恩1, 363379441@qq.com, 13800000001, , ]
[2021-11-29 22:48:25.277] -- [DEBUG] -- [http-bio-8080-exec-3 >>>> BaseJdbcLogger.java:145 >>>> Method = debug] -- [Content = <==      Total: 1]
[2021-11-29 22:48:25.278] -- [DEBUG] -- [http-bio-8080-exec-3 >>>> SqlSessionUtils.java:188 >>>> Method = closeSqlSession] -- [Content = Releasing transactional SqlSession [org.apache.ibatis.session.defaults.DefaultSqlSession@25228b31]]
[2021-11-29 22:48:25.279] -- [DEBUG] -- [http-bio-8080-exec-3 >>>> SqlSessionUtils.java:312 >>>> Method = beforeCompletion] -- [Content = Transaction synchronization deregistering SqlSession [org.apache.ibatis.session.defaults.DefaultSqlSession@25228b31]]
[2021-11-29 22:48:25.279] -- [DEBUG] -- [http-bio-8080-exec-3 >>>> SqlSessionUtils.java:317 >>>> Method = beforeCompletion] -- [Content = Transaction synchronization closing SqlSession [org.apache.ibatis.session.defaults.DefaultSqlSession@25228b31]]
